0 info it worked if it ends with ok
1 verbose cli [ '/usr/local/bin/node', '/usr/local/bin/npm', 'run', 'rollup' ]
2 info using npm@3.10.9
3 info using node@v7.1.0
4 verbose run-script [ 'prerollup', 'rollup', 'postrollup' ]
5 info lifecycle @reggi/example-rollup-failure@1.0.0~prerollup: @reggi/example-rollup-failure@1.0.0
6 silly lifecycle @reggi/example-rollup-failure@1.0.0~prerollup: no script for prerollup, continuing
7 info lifecycle @reggi/example-rollup-failure@1.0.0~rollup: @reggi/example-rollup-failure@1.0.0
8 verbose lifecycle @reggi/example-rollup-failure@1.0.0~rollup: unsafe-perm in lifecycle true
9 verbose lifecycle @reggi/example-rollup-failure@1.0.0~rollup: PATH: /usr/local/lib/node_modules/npm/bin/node-gyp-bin:/Users/thomasreggi/Desktop/example-rollup-failure/node_modules/.bin:/Users/thomasreggi/.rvm/gems/ruby-2.3.0/bin:/Users/thomasreggi/.rvm/gems/ruby-2.3.0@global/bin:/Users/thomasreggi/.rvm/rubies/ruby-2.3.0/bin:/usr/local/bin:/usr/bin:/bin:/usr/sbin:/sbin:/opt/X11/bin:/Applications/Wireshark.app/Contents/MacOS:/Users/thomasreggi/.rvm/bin
10 verbose lifecycle @reggi/example-rollup-failure@1.0.0~rollup: CWD: /Users/thomasreggi/Desktop/example-rollup-failure
11 silly lifecycle @reggi/example-rollup-failure@1.0.0~rollup: Args: [ '-c', 'rollup -c' ]
12 silly lifecycle @reggi/example-rollup-failure@1.0.0~rollup: Returned: code: 1  signal: null
13 info lifecycle @reggi/example-rollup-failure@1.0.0~rollup: Failed to exec rollup script
14 verbose stack Error: @reggi/example-rollup-failure@1.0.0 rollup: `rollup -c`
14 verbose stack Exit status 1
14 verbose stack     at EventEmitter.<anonymous> (/usr/local/lib/node_modules/npm/lib/utils/lifecycle.js:255:16)
14 verbose stack     at emitTwo (events.js:106:13)
14 verbose stack     at EventEmitter.emit (events.js:191:7)
14 verbose stack     at ChildProcess.<anonymous> (/usr/local/lib/node_modules/npm/lib/utils/spawn.js:40:14)
14 verbose stack     at emitTwo (events.js:106:13)
14 verbose stack     at ChildProcess.emit (events.js:191:7)
14 verbose stack     at maybeClose (internal/child_process.js:885:16)
14 verbose stack     at Process.ChildProcess._handle.onexit (internal/child_process.js:226:5)
15 verbose pkgid @reggi/example-rollup-failure@1.0.0
16 verbose cwd /Users/thomasreggi/Desktop/example-rollup-failure
17 error Darwin 16.3.0
18 error argv "/usr/local/bin/node" "/usr/local/bin/npm" "run" "rollup"
19 error node v7.1.0
20 error npm  v3.10.9
21 error code ELIFECYCLE
22 error @reggi/example-rollup-failure@1.0.0 rollup: `rollup -c`
22 error Exit status 1
23 error Failed at the @reggi/example-rollup-failure@1.0.0 rollup script 'rollup -c'.
23 error Make sure you have the latest version of node.js and npm installed.
23 error If you do, this is most likely a problem with the @reggi/example-rollup-failure package,
23 error not with npm itself.
23 error Tell the author that this fails on your system:
23 error     rollup -c
23 error You can get information on how to open an issue for this project with:
23 error     npm bugs @reggi/example-rollup-failure
23 error Or if that isn't available, you can get their info via:
23 error     npm owner ls @reggi/example-rollup-failure
23 error There is likely additional logging output above.
24 verbose exit [ 1, true ]
